AndroidApps/Murach/ex_starts/ch03_ex1_Invoice/app/build/intermediates/manifest_merge_blame_file/debug/manifest-merger-blame-debug-report.txt
1<?xml version="1.0" encoding="utf-8"?>
2<manifest xmlns:android="http://schemas.android.com/apk/res/android"
3    package="com.murach.invoice"
4    android:versionCode="1"
5    android:versionName="1.0" >
6
7    <uses-sdk
7-->src\main\AndroidManifest.xml:7:5-9:41
8        android:minSdkVersion="15"
8-->src\main\AndroidManifest.xml:8:9-34
9        android:targetSdkVersion="32" />
9-->src\main\AndroidManifest.xml:9:9-38
10
11    <application
11-->src\main\AndroidManifest.xml:11:5-25:19
12        android:debuggable="true"
13        android:icon="@drawable/ic_launcher"
13-->src\main\AndroidManifest.xml:12:9-45
14        android:label="@string/app_name"
14-->src\main\AndroidManifest.xml:13:9-41
15        android:theme="@style/AppTheme" >
15-->src\main\AndroidManifest.xml:14:9-40
16        <activity
16-->src\main\AndroidManifest.xml:15:9-24:20
17            android:name="com.murach.invoice.InvoiceTotalActivity"
17-->src\main\AndroidManifest.xml:16:13-67
18            android:exported="true"
18-->src\main\AndroidManifest.xml:18:13-36
19            android:label="@string/title_activity_invoice_total" >
19-->src\main\AndroidManifest.xml:17:13-65
20            <intent-filter>
20-->src\main\AndroidManifest.xml:19:13-23:29
21                <action android:name="android.intent.action.MAIN" />
21-->src\main\AndroidManifest.xml:20:17-69
21-->src\main\AndroidManifest.xml:20:25-66
22
23                <category android:name="android.intent.category.LAUNCHER" />
23-->src\main\AndroidManifest.xml:22:17-77
23-->src\main\AndroidManifest.xml:22:27-74
24            </intent-filter>
25        </activity>
26    </application>
27
28</manifest>